#
# A fatal error has been detected by the Java Runtime Environment:
#
#  EXCEPTION_ACCESS_VIOLATION (0xc0000005) at pc=0x0000000077ce08c5, pid=70176, tid=74632
#
# JRE version: 7.0_03-b05
# Java VM: Java HotSpot(TM) 64-Bit Server VM (22.1-b02 mixed mode windows-amd64 compressed oops)
# Problematic frame:
# C  [ntdll.dll+0x508c5]
#
# Failed to write core dump. Minidumps are not enabled by default on client versions of Windows
#
# If you would like to submit a bug report, please visit:
#   http://bugreport.sun.com/bugreport/crash.jsp
#

---------------  T H R E A D  ---------------

Current thread (0x000000000235c000):  JavaThread "main" [_thread_in_Java, id=74632, stack(0x0000000002520000,0x0000000002620000)]

siginfo: ExceptionCode=0xc0000005, reading address 0xffffffffffffffff

Registers:
RAX=0x000000000261ec08, RBX=0x0000000000000002, RCX=0x000000000261ecd8, RDX=0x000000000261ec48
RSP=0x000000000261ebf8, RBP=0x000007fedd8c95b0, RSI=0x0000000000000020, RDI=0x0000000000000000
R8 =0x0000000002613000, R9 =0x0000000000000003, R10=0x0000000000000000, R11=0x0000000000002cb2
R12=0x0000000000000000, R13=0x0000000000000050, R14=0x0000000000000003, R15=0x000000000235c000
RIP=0x0000000077ce08c5, EFLAGS=0x0000000000010202

Top of Stack: (sp=0x000000000261ebf8)
0x000000000261ebf8:   0000000000000202 0000000077c9b219
0x000000000261ec08:   000007fffffda000 000000000261ee01
0x000000000261ec18:   0000000000000000 000000000261ee00
0x000000000261ec28:   0000000000000000 0000000000000008
0x000000000261ec38:   00000000088d7d90 0000000000000001
0x000000000261ec48:   0000000002620000 0000000002613000
0x000000000261ec58:   000000000265743a 00000000026573d0
0x000000000261ec68:   0000000000000000 0000000000000000
0x000000000261ec78:   000000000261f460 000000000261f4e0
0x000000000261ec88:   00000000026263d0 0000000002625350
0x000000000261ec98:   0000000000000000 000000000261f538
0x000000000261eca8:   000000000261f4e0 000000000261f490
0x000000000261ecb8:   0000000002691578 0000000002691090
0x000000000261ecc8:   0000000000000000 00000007d6011a10
0x000000000261ecd8:   000000000261f490 000000077c502e65
0x000000000261ece8:   00000000000000b6 000000000235c878 

Instructions: (pc=0x0000000077ce08c5)
0x0000000077ce08a5:   d0 00 00 00 4c 89 a1 d8 00 00 00 4c 89 a9 e0 00
0x0000000077ce08b5:   00 00 4c 89 b1 e8 00 00 00 4c 89 b9 f0 00 00 00
0x0000000077ce08c5:   0f ae 81 00 01 00 00 0f 29 81 a0 01 00 00 0f 29
0x0000000077ce08d5:   89 b0 01 00 00 0f 29 91 c0 01 00 00 0f 29 99 d0 


Register to memory mapping:

RAX=0x000000000261ec08 is pointing into the stack for thread: 0x000000000235c000
RBX=0x0000000000000002 is an unknown value
RCX=0x000000000261ecd8 is pointing into the stack for thread: 0x000000000235c000
RDX=0x000000000261ec48 is pointing into the stack for thread: 0x000000000235c000
RSP=0x000000000261ebf8 is pointing into the stack for thread: 0x000000000235c000
RBP=0x000007fedd8c95b0 is an unknown value
RSI=0x0000000000000020 is an unknown value
RDI=0x0000000000000000 is an unknown value
R8 =0x0000000002613000 is pointing into the stack for thread: 0x000000000235c000
R9 =0x0000000000000003 is an unknown value
R10=0x0000000000000000 is an unknown value
R11=0x0000000000002cb2 is an unknown value
R12=0x0000000000000000 is an unknown value
R13=0x0000000000000050 is an unknown value
R14=0x0000000000000003 is an unknown value
R15=0x000000000235c000 is a thread


Stack: [0x0000000002520000,0x0000000002620000],  sp=0x000000000261ebf8,  free space=1018k
Native frames: (J=compiled Java code, j=interpreted, Vv=VM code, C=native code)
C  [ntdll.dll+0x508c5]  RtlCaptureContext+0x85

Java frames: (J=compiled Java code, j=interpreted, Vv=VM code)
v  blob 0x00000000026574ff
j  java.lang.String.equals(Ljava/lang/Object;)Z+8
j  com.badlogic.gdx.utils.ObjectMap.put_internal(Ljava/lang/Object;Ljava/lang/Object;)Ljava/lang/Object;+29
j  com.badlogic.gdx.utils.ObjectMap.put(Ljava/lang/Object;Ljava/lang/Object;)Ljava/lang/Object;+17
j  com.badlogic.gdx.backends.lwjgl.audio.OpenALAudio.registerMusic(Ljava/lang/String;Ljava/lang/Class;)V+34
j  com.badlogic.gdx.backends.lwjgl.audio.OpenALAudio.<init>(III)V+82
j  com.badlogic.gdx.backends.lwjgl.LwjglApplication.<init>(Lcom/badlogic/gdx/ApplicationListener;Lcom/badlogic/gdx/backends/lwjgl/LwjglApplicationConfiguration;Lcom/badlogic/gdx/backends/lwjgl/LwjglGraphics;)V+107
j  com.badlogic.gdx.backends.lwjgl.LwjglApplication.<init>(Lcom/badlogic/gdx/ApplicationListener;Lcom/badlogic/gdx/backends/lwjgl/LwjglApplicationConfiguration;)V+11
j  de.druz.roomnesia.desktop.DesktopLauncher.main([Ljava/lang/String;)V+33
v  ~StubRoutines::call_stub

---------------  P R O C E S S  ---------------

Java Threads: ( => current thread )
  0x0000000007d36000 JavaThread "Service Thread" daemon [_thread_blocked, id=74128, stack(0x0000000008650000,0x0000000008750000)]
  0x0000000007d33800 JavaThread "C2 CompilerThread1" daemon [_thread_blocked, id=72916, stack(0x0000000008340000,0x0000000008440000)]
  0x0000000007d32000 JavaThread "C2 CompilerThread0" daemon [_thread_blocked, id=70276, stack(0x0000000008500000,0x0000000008600000)]
  0x0000000007cbc000 JavaThread "JDWP Command Reader" daemon [_thread_in_native, id=73532, stack(0x0000000008230000,0x0000000008330000)]
  0x0000000007cb7000 JavaThread "JDWP Event Helper Thread" daemon [_thread_blocked, id=71736, stack(0x00000000080d0000,0x00000000081d0000)]
  0x000000000663d000 JavaThread "JDWP Transport Listener: dt_socket" daemon [_thread_blocked, id=72968, stack(0x0000000007bb0000,0x0000000007cb0000)]
  0x0000000006620000 JavaThread "Attach Listener" daemon [_thread_blocked, id=74640, stack(0x0000000007160000,0x0000000007260000)]
  0x0000000006613000 JavaThread "Signal Dispatcher" daemon [_thread_blocked, id=73940, stack(0x0000000007050000,0x0000000007150000)]
  0x0000000006503800 JavaThread "Finalizer" daemon [_thread_blocked, id=73944, stack(0x0000000006ec0000,0x0000000006fc0000)]
  0x00000000064fc000 JavaThread "Reference Handler" daemon [_thread_blocked, id=74516, stack(0x0000000006c40000,0x0000000006d40000)]
=>0x000000000235c000 JavaThread "main" [_thread_in_Java, id=74632, stack(0x0000000002520000,0x0000000002620000)]

Other Threads:
  0x00000000064ec800 VMThread [stack: 0x0000000006b20000,0x0000000006c20000] [id=70964]
  0x0000000007d4a000 WatcherThread [stack: 0x0000000008780000,0x0000000008880000] [id=74620]

VM state:not at safepoint (normal execution)

VM Mutex/Monitor currently owned by a thread: None

Heap
 PSYoungGen      total 37824K, used 4551K [0x00000007d5c00000, 0x00000007d8630000, 0x0000000800000000)
  eden space 32448K, 14% used [0x00000007d5c00000,0x00000007d6071fd8,0x00000007d7bb0000)
  from space 5376K, 0% used [0x00000007d80f0000,0x00000007d80f0000,0x00000007d8630000)
  to   space 5376K, 0% used [0x00000007d7bb0000,0x00000007d7bb0000,0x00000007d80f0000)
 PSOldGen        total 86528K, used 0K [0x0000000781400000, 0x0000000786880000, 0x00000007d5c00000)
  object space 86528K, 0% used [0x0000000781400000,0x0000000781400000,0x0000000786880000)
 PSPermGen       total 21248K, used 4001K [0x000000077c200000, 0x000000077d6c0000, 0x0000000781400000)
  object space 21248K, 18% used [0x000000077c200000,0x000000077c5e8498,0x000000077d6c0000)

Code Cache  [0x0000000002620000, 0x0000000002890000, 0x0000000005620000)
 total_blobs=239 nmethods=23 adapters=177 free_code_cache=48698Kb largest_free_block=49850752

Dynamic libraries:
0x000000013fdf0000 - 0x000000013fe23000 	C:\Program Files\Java\jre7\bin\javaw.exe
0x0000000077c90000 - 0x0000000077e39000 	C:\Windows\SYSTEM32\ntdll.dll
0x0000000077a70000 - 0x0000000077b8f000 	C:\Windows\system32\kernel32.dll
0x000007fefdbf0000 - 0x000007fefdc5c000 	C:\Windows\system32\KERNELBASE.dll
0x000007fefde10000 - 0x000007fefdeeb000 	C:\Windows\system32\ADVAPI32.dll
0x000007fefe970000 - 0x000007fefea0f000 	C:\Windows\system32\msvcrt.dll
0x000007fefff80000 - 0x000007fefff9f000 	C:\Windows\SYSTEM32\sechost.dll
0x000007feffe50000 - 0x000007fefff7d000 	C:\Windows\system32\RPCRT4.dll
0x0000000077b90000 - 0x0000000077c8a000 	C:\Windows\system32\USER32.dll
0x000007fefe0d0000 - 0x000007fefe137000 	C:\Windows\system32\GDI32.dll
0x000007feff0b0000 - 0x000007feff0be000 	C:\Windows\system32\LPK.dll
0x000007fefdef0000 - 0x000007fefdfb9000 	C:\Windows\system32\USP10.dll
0x000007fefc350000 - 0x000007fefc544000 	C:\Windows\WinSxS\amd64_microsoft.windows.common-controls_6595b64144ccf1df_6.0.7601.17514_none_fa396087175ac9ac\COMCTL32.dll
0x000007fefed60000 - 0x000007fefedd1000 	C:\Windows\system32\SHLWAPI.dll
0x000007fefd850000 - 0x000007fefd8a7000 	C:\Windows\system32\apphelp.dll
0x000007fedd5b0000 - 0x000007fedda17000 	C:\Windows\AppPatch\AppPatch64\AcXtrnal.DLL
0x000007fefe530000 - 0x000007fefe55e000 	C:\Windows\system32\IMM32.DLL
0x000007fefdfc0000 - 0x000007fefe0c9000 	C:\Windows\system32\MSCTF.dll
0x000000006d7e0000 - 0x000000006d8b1000 	C:\Program Files\Java\jre7\bin\msvcr100.dll
0x000000006c220000 - 0x000000006c8fa000 	C:\Program Files\Java\jre7\bin\server\jvm.dll
0x000007fef5b40000 - 0x000007fef5b49000 	C:\Windows\system32\WSOCK32.dll
0x000007feff060000 - 0x000007feff0ad000 	C:\Windows\system32\WS2_32.dll
0x000007fefe960000 - 0x000007fefe968000 	C:\Windows\system32\NSI.dll
0x000007fef8d00000 - 0x000007fef8d3b000 	C:\Windows\system32\WINMM.dll
0x0000000077e50000 - 0x0000000077e57000 	C:\Windows\system32\PSAPI.DLL
0x000000006db10000 - 0x000000006db1f000 	C:\Program Files\Java\jre7\bin\verify.dll
0x000000006dae0000 - 0x000000006db08000 	C:\Program Files\Java\jre7\bin\java.dll
0x0000000075500000 - 0x0000000075535000 	C:\Program Files\Java\jre7\bin\jdwp.dll
0x00000000754f0000 - 0x00000000754f8000 	C:\Program Files\Java\jre7\bin\npt.dll
0x000000006dac0000 - 0x000000006dad5000 	C:\Program Files\Java\jre7\bin\zip.dll
0x0000000074910000 - 0x0000000074919000 	C:\Program Files\Java\jre7\bin\dt_socket.dll
0x000007fefb1b0000 - 0x000007fefb1c5000 	C:\Windows\system32\NLAapi.dll
0x000007fee5d00000 - 0x000007fee5d15000 	C:\Windows\system32\napinsp.dll
0x000007fef3140000 - 0x000007fef3159000 	C:\Windows\system32\pnrpnsp.dll
0x000007fefd1f0000 - 0x000007fefd245000 	C:\Windows\System32\mswsock.dll
0x000007fefd070000 - 0x000007fefd0cb000 	C:\Windows\system32\DNSAPI.dll
0x000007fee5cf0000 - 0x000007fee5cfb000 	C:\Windows\System32\winrnr.dll
0x000007fef2fd0000 - 0x000007fef2fff000 	C:\Program Files\Common Files\Microsoft Shared\Windows Live\WLIDNSP.DLL
0x0000000074d60000 - 0x0000000074d86000 	C:\Program Files\Bonjour\mdnsNSP.dll
0x000007fef87b0000 - 0x000007fef87d7000 	C:\Windows\system32\Iphlpapi.DLL
0x000007fef9ec0000 - 0x000007fef9ecb000 	C:\Windows\system32\WINNSI.DLL
0x000007fef9d40000 - 0x000007fef9d93000 	C:\Windows\System32\fwpuclnt.dll
0x000007fef0fe0000 - 0x000007fef0fe8000 	C:\Windows\system32\rasadhlp.dll
0x000007fefcbc0000 - 0x000007fefcbc7000 	C:\Windows\System32\wshtcpip.dll
0x0000000065580000 - 0x000000006561b000 	C:\Users\Janus\AppData\Local\Temp\libgdxJanus\3fcab39a\gdx64.dll
0x000007fefd250000 - 0x000007fefd267000 	C:\Windows\system32\CRYPTSP.dll
0x000007fefcf50000 - 0x000007fefcf97000 	C:\Windows\system32\rsaenh.dll
0x000007fefdb80000 - 0x000007fefdb9e000 	C:\Windows\system32\USERENV.dll
0x000007fefda50000 - 0x000007fefda5f000 	C:\Windows\system32\profapi.dll
0x000007fefd8b0000 - 0x000007fefd8bf000 	C:\Windows\system32\CRYPTBASE.dll
0x000000006daa0000 - 0x000000006dab9000 	C:\Program Files\Java\jre7\bin\net.dll
0x000007fefd1e0000 - 0x000007fefd1e7000 	C:\Windows\System32\wship6.dll
0x000000006da80000 - 0x000000006da91000 	C:\Program Files\Java\jre7\bin\nio.dll

VM Arguments:
jvm_args: -agentlib:jdwp=transport=dt_socket,suspend=y,address=localhost:53529 -Dfile.encoding=UTF-8 
java_command: de.druz.roomnesia.desktop.DesktopLauncher
Launcher Type: SUN_STANDARD

Environment Variables:
JAVA_HOME=C:\Program Files\Java\jdk1.7.0_03
PATH=H:\dev\tools\python\;H:\dev\tools\python\Scripts;C:\Program Files (x86)\NVIDIA Corporation\PhysX\Common;C:\Program Files\Common Files\Microsoft Shared\Windows Live;C:\Program Files (x86)\Common Files\Microsoft Shared\Windows Live;C:\Windows\system32;C:\Windows;C:\Windows\System32\Wbem;C:\Windows\System32\WindowsPowerShell\v1.0\;C:\Program Files (x86)\ATI Technologies\ATI.ACE\Core-Static;H:\dev\tools\play-2.0;H:\software\TortoiseHg\;H:\software\Git\cmd;H:\software\IsoBuster;C:\Program Files (x86)\Java\jre7\bin;C:\Program Files (x86)\Common Files\Adobe\AGL;H:\software\mysql\MySQL Utilities 1.3.4\;C:\Program Files (x86)\Windows Live\Shared;C:\Users\Janus\.babun
USERNAME=Janus
OS=Windows_NT
PROCESSOR_IDENTIFIER=Intel64 Family 6 Model 42 Stepping 7, GenuineIntel



---------------  S Y S T E M  ---------------

OS: Windows 7 , 64 bit Build 7601 Service Pack 1

CPU:total 4 (4 cores per cpu, 1 threads per core) family 6 model 42 stepping 7, cmov, cx8, fxsr, mmx, sse, sse2, sse3, ssse3, sse4.1, sse4.2, popcnt

Memory: 4k page, physical 8299184k(2470924k free), swap 16596504k(8611212k free)

vm_info: Java HotSpot(TM) 64-Bit Server VM (22.1-b02) for windows-amd64 JRE (1.7.0_03-b05), built on Feb  3 2012 20:43:56 by "java_re" with unknown MS VC++:1600

time: Sun Dec 07 23:30:42 2014
elapsed time: 0 seconds

