#
# A fatal error has been detected by the Java Runtime Environment:
#
#  EXCEPTION_ACCESS_VIOLATION (0xc0000005) at pc=0x00000000776408c5, pid=5188, tid=5184
#
# JRE version: 7.0_03-b05
# Java VM: Java HotSpot(TM) 64-Bit Server VM (22.1-b02 mixed mode windows-amd64 compressed oops)
# Problematic frame:
# C  [ntdll.dll+0x508c5]
#
# Failed to write core dump. Minidumps are not enabled by default on client versions of Windows
#
# If you would like to submit a bug report, please visit:
#   http://bugreport.sun.com/bugreport/crash.jsp
#

---------------  T H R E A D  ---------------

Current thread (0x000000000237b000):  JavaThread "main" [_thread_in_Java, id=5184, stack(0x0000000002650000,0x0000000002750000)]

siginfo: ExceptionCode=0xc0000005, reading address 0xffffffffffffffff

Registers:
RAX=0x000000000274e7b8, RBX=0x0000000000000002, RCX=0x000000000274e888, RDX=0x000000000274e7f8
RSP=0x000000000274e7a8, RBP=0x000007fedf23a190, RSI=0x0000000000000020, RDI=0x0000000000000000
R8 =0x0000000002742000, R9 =0x0000000000000003, R10=0x0000000000000000, R11=0x0000000000001f90
R12=0x0000000000000000, R13=0x0000000000000050, R14=0x0000000000000003, R15=0x000000000237b000
RIP=0x00000000776408c5, EFLAGS=0x0000000000010202

Top of Stack: (sp=0x000000000274e7a8)
0x000000000274e7a8:   0000000000000202 00000000775fb219
0x000000000274e7b8:   000007fffffdc000 0000000000000051
0x000000000274e7c8:   0000000006798e08 000000000274e901
0x000000000274e7d8:   0000000000000000 000000000274e9c0
0x000000000274e7e8:   0000000000000000 0000000000000008
0x000000000274e7f8:   0000000002750000 0000000002742000
0x000000000274e808:   0000000007df0d70 000000000274f020
0x000000000274e818:   000000000278743a 00000000027873d0
0x000000000274e828:   0000000000000000 0000000000000000
0x000000000274e838:   000000000274f020 000000000274f090
0x000000000274e848:   0000000002756330 0000000002755350
0x000000000274e858:   0000000000000000 000000000274f0e8
0x000000000274e868:   000000000274f090 000000000274f050
0x000000000274e878:   00000000027c0154 00000000027bfd90
0x000000000274e888:   0000000000000000 00000007d5f6d4e0
0x000000000274e898:   000000000274f050 000000077c4f9235 

Instructions: (pc=0x00000000776408c5)
0x00000000776408a5:   d0 00 00 00 4c 89 a1 d8 00 00 00 4c 89 a9 e0 00
0x00000000776408b5:   00 00 4c 89 b1 e8 00 00 00 4c 89 b9 f0 00 00 00
0x00000000776408c5:   0f ae 81 00 01 00 00 0f 29 81 a0 01 00 00 0f 29
0x00000000776408d5:   89 b0 01 00 00 0f 29 91 c0 01 00 00 0f 29 99 d0 


Register to memory mapping:

RAX=0x000000000274e7b8 is pointing into the stack for thread: 0x000000000237b000
RBX=0x0000000000000002 is an unknown value
RCX=0x000000000274e888 is pointing into the stack for thread: 0x000000000237b000
RDX=0x000000000274e7f8 is pointing into the stack for thread: 0x000000000237b000
RSP=0x000000000274e7a8 is pointing into the stack for thread: 0x000000000237b000
RBP=0x000007fedf23a190 is an unknown value
RSI=0x0000000000000020 is an unknown value
RDI=0x0000000000000000 is an unknown value
R8 =0x0000000002742000 is pointing into the stack for thread: 0x000000000237b000
R9 =0x0000000000000003 is an unknown value
R10=0x0000000000000000 is an unknown value
R11=0x0000000000001f90 is an unknown value
R12=0x0000000000000000 is an unknown value
R13=0x0000000000000050 is an unknown value
R14=0x0000000000000003 is an unknown value
R15=0x000000000237b000 is a thread


Stack: [0x0000000002650000,0x0000000002750000],  sp=0x000000000274e7a8,  free space=1017k
Native frames: (J=compiled Java code, j=interpreted, Vv=VM code, C=native code)
C  [ntdll.dll+0x508c5]  RtlCaptureContext+0x85

Java frames: (J=compiled Java code, j=interpreted, Vv=VM code)
v  blob 0x00000000027874ff
j  java.lang.String.equals(Ljava/lang/Object;)Z+8
j  com.badlogic.gdx.utils.ObjectMap.put_internal(Ljava/lang/Object;Ljava/lang/Object;)Ljava/lang/Object;+29
j  com.badlogic.gdx.utils.ObjectMap.put(Ljava/lang/Object;Ljava/lang/Object;)Ljava/lang/Object;+17
j  com.badlogic.gdx.backends.lwjgl.audio.OpenALAudio.registerSound(Ljava/lang/String;Ljava/lang/Class;)V+34
j  com.badlogic.gdx.backends.lwjgl.audio.OpenALAudio.<init>(III)V+73
j  com.badlogic.gdx.backends.lwjgl.LwjglApplication.<init>(Lcom/badlogic/gdx/ApplicationListener;Lcom/badlogic/gdx/backends/lwjgl/LwjglApplicationConfiguration;Lcom/badlogic/gdx/backends/lwjgl/LwjglGraphics;)V+107
j  com.badlogic.gdx.backends.lwjgl.LwjglApplication.<init>(Lcom/badlogic/gdx/ApplicationListener;Lcom/badlogic/gdx/backends/lwjgl/LwjglApplicationConfiguration;)V+11
j  de.druz.roomnesia.desktop.DesktopLauncher.main([Ljava/lang/String;)V+33
v  ~StubRoutines::call_stub

---------------  P R O C E S S  ---------------

Java Threads: ( => current thread )
  0x00000000067b0800 JavaThread "Service Thread" daemon [_thread_blocked, id=3320, stack(0x0000000007700000,0x0000000007800000)]
  0x00000000067a5800 JavaThread "C2 CompilerThread1" daemon [_thread_blocked, id=4720, stack(0x0000000007480000,0x0000000007580000)]
  0x00000000067a0800 JavaThread "C2 CompilerThread0" daemon [_thread_blocked, id=5868, stack(0x0000000007170000,0x0000000007270000)]
  0x000000000679f000 JavaThread "Attach Listener" daemon [_thread_blocked, id=1612, stack(0x0000000007300000,0x0000000007400000)]
  0x0000000006791800 JavaThread "Signal Dispatcher" daemon [_thread_blocked, id=4144, stack(0x0000000007040000,0x0000000007140000)]
  0x0000000006681000 JavaThread "Finalizer" daemon [_thread_blocked, id=5116, stack(0x0000000006db0000,0x0000000006eb0000)]
  0x000000000667a000 JavaThread "Reference Handler" daemon [_thread_blocked, id=1168, stack(0x0000000006f40000,0x0000000007040000)]
=>0x000000000237b000 JavaThread "main" [_thread_in_Java, id=5184, stack(0x0000000002650000,0x0000000002750000)]

Other Threads:
  0x0000000006668000 VMThread [stack: 0x0000000006c80000,0x0000000006d80000] [id=2552]
  0x00000000067b9800 WatcherThread [stack: 0x0000000007850000,0x0000000007950000] [id=2852]

VM state:not at safepoint (normal execution)

VM Mutex/Monitor currently owned by a thread: None

Heap
 PSYoungGen      total 37824K, used 3894K [0x00000007d5c00000, 0x00000007d8630000, 0x0000000800000000)
  eden space 32448K, 12% used [0x00000007d5c00000,0x00000007d5fcdac8,0x00000007d7bb0000)
  from space 5376K, 0% used [0x00000007d80f0000,0x00000007d80f0000,0x00000007d8630000)
  to   space 5376K, 0% used [0x00000007d7bb0000,0x00000007d7bb0000,0x00000007d80f0000)
 PSOldGen        total 86528K, used 0K [0x0000000781400000, 0x0000000786880000, 0x00000007d5c00000)
  object space 86528K, 0% used [0x0000000781400000,0x0000000781400000,0x0000000786880000)
 PSPermGen       total 21248K, used 3949K [0x000000077c200000, 0x000000077d6c0000, 0x0000000781400000)
  object space 21248K, 18% used [0x000000077c200000,0x000000077c5db4e8,0x000000077d6c0000)

Code Cache  [0x0000000002750000, 0x00000000029c0000, 0x0000000005750000)
 total_blobs=246 nmethods=22 adapters=177 free_code_cache=48702Kb largest_free_block=49850944

Dynamic libraries:
0x000000013ffb0000 - 0x000000013ffe3000 	C:\Program Files\Java\jre7\bin\javaw.exe
0x00000000775f0000 - 0x0000000077799000 	C:\Windows\SYSTEM32\ntdll.dll
0x00000000773d0000 - 0x00000000774ef000 	C:\Windows\system32\kernel32.dll
0x000007fefd6b0000 - 0x000007fefd71c000 	C:\Windows\system32\KERNELBASE.dll
0x000007feff010000 - 0x000007feff0eb000 	C:\Windows\system32\ADVAPI32.dll
0x000007fefea10000 - 0x000007fefeaaf000 	C:\Windows\system32\msvcrt.dll
0x000007fefec90000 - 0x000007fefecaf000 	C:\Windows\SYSTEM32\sechost.dll
0x000007fefd810000 - 0x000007fefd93d000 	C:\Windows\system32\RPCRT4.dll
0x00000000774f0000 - 0x00000000775ea000 	C:\Windows\system32\USER32.dll
0x000007feff890000 - 0x000007feff8f7000 	C:\Windows\system32\GDI32.dll
0x000007feff000000 - 0x000007feff00e000 	C:\Windows\system32\LPK.dll
0x000007feff0f0000 - 0x000007feff1b9000 	C:\Windows\system32\USP10.dll
0x000007fefbcb0000 - 0x000007fefbea4000 	C:\Windows\WinSxS\amd64_microsoft.windows.common-controls_6595b64144ccf1df_6.0.7601.17514_none_fa396087175ac9ac\COMCTL32.dll
0x000007feff320000 - 0x000007feff391000 	C:\Windows\system32\SHLWAPI.dll
0x000007fefd1b0000 - 0x000007fefd207000 	C:\Windows\system32\apphelp.dll
0x000007fedf000000 - 0x000007fedf467000 	C:\Windows\AppPatch\AppPatch64\AcXtrnal.DLL
0x000007fefecb0000 - 0x000007fefecde000 	C:\Windows\system32\IMM32.DLL
0x000007fefeef0000 - 0x000007fefeff9000 	C:\Windows\system32\MSCTF.dll
0x0000000071cb0000 - 0x0000000071d81000 	C:\Program Files\Java\jre7\bin\msvcr100.dll
0x0000000070410000 - 0x0000000070aea000 	C:\Program Files\Java\jre7\bin\server\jvm.dll
0x000007fef5ef0000 - 0x000007fef5ef9000 	C:\Windows\system32\WSOCK32.dll
0x000007fefdc30000 - 0x000007fefdc7d000 	C:\Windows\system32\WS2_32.dll
0x000007feff880000 - 0x000007feff888000 	C:\Windows\system32\NSI.dll
0x000007fef8840000 - 0x000007fef887b000 	C:\Windows\system32\WINMM.dll
0x00000000777c0000 - 0x00000000777c7000 	C:\Windows\system32\PSAPI.DLL
0x0000000073420000 - 0x000000007342f000 	C:\Program Files\Java\jre7\bin\verify.dll
0x00000000721f0000 - 0x0000000072218000 	C:\Program Files\Java\jre7\bin\java.dll
0x0000000074810000 - 0x0000000074825000 	C:\Program Files\Java\jre7\bin\zip.dll
0x0000000065580000 - 0x000000006561b000 	C:\Users\Janus\AppData\Local\Temp\libgdxJanus\3fcab39a\gdx64.dll
0x000007fefcbb0000 - 0x000007fefcbc7000 	C:\Windows\system32\CRYPTSP.dll
0x000007fefc8b0000 - 0x000007fefc8f7000 	C:\Windows\system32\rsaenh.dll
0x000007fefd540000 - 0x000007fefd55e000 	C:\Windows\system32\USERENV.dll
0x000007fefd3c0000 - 0x000007fefd3cf000 	C:\Windows\system32\profapi.dll
0x000007fefd2f0000 - 0x000007fefd2ff000 	C:\Windows\system32\CRYPTBASE.dll
0x0000000074750000 - 0x0000000074769000 	C:\Program Files\Java\jre7\bin\net.dll
0x000007fefcb50000 - 0x000007fefcba5000 	C:\Windows\system32\mswsock.dll
0x000007fefcb40000 - 0x000007fefcb47000 	C:\Windows\System32\wship6.dll
0x000007fefabf0000 - 0x000007fefac05000 	C:\Windows\system32\NLAapi.dll
0x000007fee76f0000 - 0x000007fee7705000 	C:\Windows\system32\napinsp.dll
0x000007fee4ea0000 - 0x000007fee4eb9000 	C:\Windows\system32\pnrpnsp.dll
0x000007fefc9d0000 - 0x000007fefca2b000 	C:\Windows\system32\DNSAPI.dll
0x000007fef0500000 - 0x000007fef050b000 	C:\Windows\System32\winrnr.dll
0x000007fefb2d0000 - 0x000007fefb2ff000 	C:\Program Files\Common Files\Microsoft Shared\Windows Live\WLIDNSP.DLL
0x0000000074940000 - 0x0000000074966000 	C:\Program Files\Bonjour\mdnsNSP.dll
0x000007fef81d0000 - 0x000007fef81f7000 	C:\Windows\system32\Iphlpapi.DLL
0x000007fef81c0000 - 0x000007fef81cb000 	C:\Windows\system32\WINNSI.DLL
0x000007fefc520000 - 0x000007fefc527000 	C:\Windows\System32\wshtcpip.dll
0x000007fefad60000 - 0x000007fefad68000 	C:\Windows\system32\rasadhlp.dll
0x000007fef9970000 - 0x000007fef99c3000 	C:\Windows\System32\fwpuclnt.dll
0x0000000074730000 - 0x0000000074741000 	C:\Program Files\Java\jre7\bin\nio.dll

VM Arguments:
jvm_args: -Dfile.encoding=UTF-8 
java_command: de.druz.roomnesia.desktop.DesktopLauncher
Launcher Type: SUN_STANDARD

Environment Variables:
JAVA_HOME=C:\Program Files\Java\jdk1.7.0_03
PATH=H:\dev\tools\python\;H:\dev\tools\python\Scripts;C:\Program Files (x86)\NVIDIA Corporation\PhysX\Common;C:\Program Files\Common Files\Microsoft Shared\Windows Live;C:\Program Files (x86)\Common Files\Microsoft Shared\Windows Live;C:\Windows\system32;C:\Windows;C:\Windows\System32\Wbem;C:\Windows\System32\WindowsPowerShell\v1.0\;C:\Program Files (x86)\ATI Technologies\ATI.ACE\Core-Static;H:\dev\tools\play-2.0;H:\software\TortoiseHg\;H:\software\Git\cmd;H:\software\IsoBuster;C:\Program Files (x86)\Java\jre7\bin;C:\Program Files (x86)\Common Files\Adobe\AGL;H:\software\mysql\MySQL Utilities 1.3.4\;C:\Program Files (x86)\Windows Live\Shared;C:\Users\Janus\.babun
USERNAME=Janus
OS=Windows_NT
PROCESSOR_IDENTIFIER=Intel64 Family 6 Model 42 Stepping 7, GenuineIntel



---------------  S Y S T E M  ---------------

OS: Windows 7 , 64 bit Build 7601 Service Pack 1

CPU:total 4 (4 cores per cpu, 1 threads per core) family 6 model 42 stepping 7, cmov, cx8, fxsr, mmx, sse, sse2, sse3, ssse3, sse4.1, sse4.2, popcnt

Memory: 4k page, physical 8299184k(5009436k free), swap 16596504k(12889988k free)

vm_info: Java HotSpot(TM) 64-Bit Server VM (22.1-b02) for windows-amd64 JRE (1.7.0_03-b05), built on Feb  3 2012 20:43:56 by "java_re" with unknown MS VC++:1600

time: Sun Dec 07 23:47:46 2014
elapsed time: 3 seconds

